2023-Jun-04 20:36:42:740 PM INFO  BridgeDemo - Tests with basic remote.
2023-Jun-04 20:36:42:743 PM INFO  BasicRemote - Remote: power toggle
2023-Jun-04 20:36:42:743 PM INFO  Tv - ------------------------------------
2023-Jun-04 20:36:42:743 PM INFO  Tv - | I'm TV set.
2023-Jun-04 20:36:42:743 PM INFO  Tv - | I'm enabled
2023-Jun-04 20:36:42:743 PM INFO  Tv - | Current volume is 30%
2023-Jun-04 20:36:42:744 PM INFO  Tv - | Current channel is 1
2023-Jun-04 20:36:42:744 PM INFO  Tv - ------------------------------------

2023-Jun-04 20:36:42:744 PM INFO  BridgeDemo - Tests with advanced remote.
2023-Jun-04 20:36:42:745 PM INFO  BasicRemote - Remote: power toggle
2023-Jun-04 20:36:42:745 PM INFO  AdvancedRemote - Remote: mute
2023-Jun-04 20:36:42:746 PM INFO  Tv - ------------------------------------
2023-Jun-04 20:36:42:746 PM INFO  Tv - | I'm TV set.
2023-Jun-04 20:36:42:746 PM INFO  Tv - | I'm disabled
2023-Jun-04 20:36:42:746 PM INFO  Tv - | Current volume is 0%
2023-Jun-04 20:36:42:747 PM INFO  Tv - | Current channel is 1
2023-Jun-04 20:36:42:747 PM INFO  Tv - ------------------------------------

2023-Jun-04 20:36:55:792 PM INFO  BridgeDemo - Tests with basic remote.
2023-Jun-04 20:36:55:794 PM INFO  BasicRemote - Remote: power toggle
2023-Jun-04 20:36:55:795 PM INFO  Tv - ------------------------------------
2023-Jun-04 20:36:55:795 PM INFO  Tv - | I'm TV set.
2023-Jun-04 20:36:55:795 PM INFO  Tv - | I'm enabled
2023-Jun-04 20:36:55:795 PM INFO  Tv - | Current volume is 30%
2023-Jun-04 20:36:55:796 PM INFO  Tv - | Current channel is 1
2023-Jun-04 20:36:55:796 PM INFO  Tv - ------------------------------------

2023-Jun-04 20:36:55:796 PM INFO  BridgeDemo - Tests with advanced remote.
2023-Jun-04 20:36:55:797 PM INFO  BasicRemote - Remote: power toggle
2023-Jun-04 20:36:55:797 PM INFO  AdvancedRemote - Remote: mute
2023-Jun-04 20:36:55:797 PM INFO  Tv - ------------------------------------
2023-Jun-04 20:36:55:797 PM INFO  Tv - | I'm TV set.
2023-Jun-04 20:36:55:798 PM INFO  Tv - | I'm disabled
2023-Jun-04 20:36:55:798 PM INFO  Tv - | Current volume is 0%
2023-Jun-04 20:36:55:798 PM INFO  Tv - | Current channel is 1
2023-Jun-04 20:36:55:798 PM INFO  Tv - ------------------------------------

2023-Jun-04 20:36:55:799 PM INFO  BridgeDemo - Tests with basic remote.
2023-Jun-04 20:36:55:799 PM INFO  BasicRemote - Remote: power toggle
2023-Jun-04 20:36:55:799 PM INFO  Radio - ------------------------------------
2023-Jun-04 20:36:55:799 PM INFO  Radio - | I'm radio.
2023-Jun-04 20:36:55:799 PM INFO  Radio - | I'm enabled
2023-Jun-04 20:36:55:800 PM INFO  Radio - | Current volume is 30%
2023-Jun-04 20:36:55:800 PM INFO  Radio - | Current channel is 1
2023-Jun-04 20:36:55:800 PM INFO  Radio - ------------------------------------

2023-Jun-04 20:36:55:800 PM INFO  BridgeDemo - Tests with advanced remote.
2023-Jun-04 20:36:55:800 PM INFO  BasicRemote - Remote: power toggle
2023-Jun-04 20:36:55:801 PM INFO  AdvancedRemote - Remote: mute
2023-Jun-04 20:36:55:801 PM INFO  Radio - ------------------------------------
2023-Jun-04 20:36:55:801 PM INFO  Radio - | I'm radio.
2023-Jun-04 20:36:55:801 PM INFO  Radio - | I'm disabled
2023-Jun-04 20:36:55:801 PM INFO  Radio - | Current volume is 0%
2023-Jun-04 20:36:55:801 PM INFO  Radio - | Current channel is 1
2023-Jun-04 20:36:55:801 PM INFO  Radio - ------------------------------------

2023-Jun-04 22:44:13:435 PM INFO  RedCircle - Drawing Circle[ color:red, radius: 10, x: 100, 100]
2023-Jun-04 22:44:13:440 PM INFO  GreenCircle - Drawing Circle[ color:green, radius: 10, x: 100, 100]
